<?xml version="1.0" encoding="UTF-8"?>
<!-- Generated by org.testng.reporters.JUnitXMLReporter -->
<testsuite hostname="ip-172-31-12-148" ignored="0" name="Default test" tests="2" failures="0" timestamp="2021-02-07T17:32:38 UTC" time="6.751" errors="0">
  <testcase name="testforSelect" time="0.139" classname="com.ecom.selenium.external.elements.DemoSelectDropDownTest"/>
  <testcase name="testforSelectByIndex" time="0.368" classname="com.ecom.selenium.external.elements.DemoSelectDropDownTest"/>
</testsuite> <!-- Default test -->
