<?xml version="1.0" encoding="UTF-8"?>
<testng-results skipped="0" failed="0" ignored="0" total="1" passed="1">
  <reporter-output>
  </reporter-output>
  <suite name="Default suite" duration-ms="11604" started-at="2021-02-14T16:34:46 UTC" finished-at="2021-02-14T16:34:58 UTC">
    <groups>
    </groups>
    <test name="Default test" duration-ms="11604" started-at="2021-02-14T16:34:46 UTC" finished-at="2021-02-14T16:34:58 UTC">
      <class name="com.ecom.selenium.external.browser.popup.AddToCartTest">
        <test-method status="PASS" signature="launchBrowser()[pri:0, instance:com.ecom.selenium.external.browser.popup.AddToCartTest@10bbd20a]" name="launchBrowser" is-config="true" duration-ms="4107" started-at="2021-02-14T16:34:46 UTC" finished-at="2021-02-14T16:34:50 UTC">
          <reporter-output>
          </reporter-output>
        </test-method> <!-- launchBrowser -->
        <test-method status="PASS" signature="addToCartTest()[pri:0, instance:com.ecom.selenium.external.browser.popup.AddToCartTest@10bbd20a]" name="addToCartTest" duration-ms="6500" started-at="2021-02-14T16:34:50 UTC" finished-at="2021-02-14T16:34:57 UTC">
          <reporter-output>
          </reporter-output>
        </test-method> <!-- addToCartTest -->
        <test-method status="PASS" signature="afterTest()[pri:0, instance:com.ecom.selenium.external.browser.popup.AddToCartTest@10bbd20a]" name="afterTest" is-config="true" duration-ms="966" started-at="2021-02-14T16:34:57 UTC" finished-at="2021-02-14T16:34:58 UTC">
          <reporter-output>
          </reporter-output>
        </test-method> <!-- afterTest -->
      </class> <!-- com.ecom.selenium.external.browser.popup.AddToCartTest -->
    </test> <!-- Default test -->
  </suite> <!-- Default suite -->
</testng-results>
